<?xml version="1.0" encoding="UTF-8"?>
<testsuite name="EndangeredAnimalsTest" tests="7" skipped="0" failures="0" errors="0" timestamp="2021-08-19T17:23:24" hostname="denvar-HP-ENVY-x360-Convertible-13-y0XX" time="0.526">
  <properties/>
  <testcase name="findByIdReturnsCorrectInfo" classname="EndangeredAnimalsTest" time="0.235"/>
  <testcase name="deleteAllEntries" classname="EndangeredAnimalsTest" time="0.077"/>
  <testcase name="ensureNameFieldCannotBeEmpty" classname="EndangeredAnimalsTest" time="0.025"/>
  <testcase name="testInstanceOfEndangeredAnimalsClass_true" classname="EndangeredAnimalsTest" time="0.018"/>
  <testcase name="allInstancesAreSaved" classname="EndangeredAnimalsTest" time="0.068"/>
  <testcase name="deleteByID" classname="EndangeredAnimalsTest" time="0.042"/>
  <testcase name="ensureEntryIsUpdatedCorrectly" classname="EndangeredAnimalsTest" time="0.048"/>
  <system-out><![CDATA[]]></system-out>
  <system-err><![CDATA[log4j:WARN No appenders could be found for logger (org.sql2o.Query).
log4j:WARN Please initialize the log4j system properly.
log4j:WARN See http://logging.apache.org/log4j/1.2/faq.html#noconfig for more info.
]]></system-err>
</testsuite>
