<?xml version="1.0" encoding="UTF-8"?>
<testsuite name="AnimalsTest" tests="7" skipped="0" failures="0" errors="0" timestamp="2021-08-19T17:40:24" hostname="denvar-HP-ENVY-x360-Convertible-13-y0XX" time="0.268">
  <properties/>
  <testcase name="findByIdReturnsCorrectInfo" classname="AnimalsTest" time="0.149"/>
  <testcase name="deleteAllEntries" classname="AnimalsTest" time="0.03"/>
  <testcase name="ensureNameFieldCannotBeEmpty" classname="AnimalsTest" time="0.006"/>
  <testcase name="allInstancesAreSaved" classname="AnimalsTest" time="0.023"/>
  <testcase name="deleteById" classname="AnimalsTest" time="0.025"/>
  <testcase name="testInstanceOfAnimalsClass_true" classname="AnimalsTest" time="0.008"/>
  <testcase name="ensureEntryIsUpdatedCorrectly" classname="AnimalsTest" time="0.025"/>
  <system-out><![CDATA[]]></system-out>
  <system-err><![CDATA[log4j:WARN No appenders could be found for logger (org.sql2o.Query).
log4j:WARN Please initialize the log4j system properly.
log4j:WARN See http://logging.apache.org/log4j/1.2/faq.html#noconfig for more info.
]]></system-err>
</testsuite>
